<?xml version="1.0" encoding="UTF-8"?>
<testsuite name="CuisineTest" tests="5" skipped="0" failures="0" errors="0" timestamp="2015-08-26T18:23:48" hostname="epicodus-103.local" time="0.163">
  <properties/>
  <testcase name="getRestaurants_retrievesALlRestaurantsFromDatabase_restaurantsList" classname="CuisineTest" time="0.12"/>
  <testcase name="equals_returnsTrueIfNamesAretheSame" classname="CuisineTest" time="0.005"/>
  <testcase name="all_emptyAtFirst" classname="CuisineTest" time="0.01"/>
  <testcase name="find_findCuisineInDatabase_true" classname="CuisineTest" time="0.014"/>
  <testcase name="save_savesIntoDatabase_true" classname="CuisineTest" time="0.014"/>
  <system-out><![CDATA[60
60
60
60
60
60
]]></system-out>
  <system-err><![CDATA[]]></system-err>
</testsuite>
